#! /c/Source/iverilog-install/bin/vvp
:ivl_version "12.0 (devel)" "(s20150603-1539-g2693dd32b)";
:ivl_delay_selection "TYPICAL";
:vpi_time_precision + 0;
:vpi_module "C:\iverilog\lib\ivl\system.vpi";
:vpi_module "C:\iverilog\lib\ivl\vhdl_sys.vpi";
:vpi_module "C:\iverilog\lib\ivl\vhdl_textio.vpi";
:vpi_module "C:\iverilog\lib\ivl\v2005_math.vpi";
:vpi_module "C:\iverilog\lib\ivl\va_math.vpi";
S_00000175035ab4c0 .scope module, "add_7_bit_tb" "add_7_bit_tb" 2 4;
 .timescale 0 0;
v00000175035f4370_0 .var "a", 6 0;
v00000175035f4410_0 .var "b", 6 0;
v00000175035f44b0_0 .net "carry", 0 0, v00000175035abed0_0;  1 drivers
v00000175035f4550_0 .var/i "i", 31 0;
v00000175035a6600_0 .net "sum", 6 0, v00000175035aa1b0_0;  1 drivers
S_00000175035ab650 .scope module, "uut" "ADD_7_bit" 2 12, 3 1 0, S_00000175035ab4c0;
 .timescale 0 0;
    .port_info 0 /INPUT 7 "a";
    .port_info 1 /INPUT 7 "b";
    .port_info 2 /OUTPUT 7 "sum";
    .port_info 3 /OUTPUT 1 "carry";
v00000175035a6dd0_0 .net "a", 6 0, v00000175035f4370_0;  1 drivers
v00000175035ab7e0_0 .net "b", 6 0, v00000175035f4410_0;  1 drivers
v00000175035abed0_0 .var "carry", 0 0;
v00000175035aa1b0_0 .var "sum", 6 0;
E_00000175035aa800 .event anyedge, v00000175035a6dd0_0, v00000175035ab7e0_0;
    .scope S_00000175035ab650;
T_0 ;
    %wait E_00000175035aa800;
    %load/vec4 v00000175035a6dd0_0;
    %pad/u 8;
    %load/vec4 v00000175035ab7e0_0;
    %pad/u 8;
    %add;
    %split/vec4 7;
    %store/vec4 v00000175035aa1b0_0, 0, 7;
    %store/vec4 v00000175035abed0_0, 0, 1;
    %jmp T_0;
    .thread T_0, $push;
    .scope S_00000175035ab4c0;
T_1 ;
    %pushi/vec4 0, 0, 7;
    %store/vec4 v00000175035f4370_0, 0, 7;
    %pushi/vec4 0, 0, 7;
    %store/vec4 v00000175035f4410_0, 0, 7;
    %vpi_call 2 24 "$dumpfile", "alu_add_7_tb.vcd" {0 0 0};
    %vpi_call 2 25 "$dumpvars", 32'sb00000000000000000000000000000000, S_00000175035ab4c0 {0 0 0};
    %vpi_call 2 28 "$monitor", "T=%0t a=%d b=%d sum=%d carry=%b", $time, v00000175035f4370_0, v00000175035f4410_0, v00000175035a6600_0, v00000175035f44b0_0 {0 0 0};
    %pushi/vec4 0, 0, 32;
    %store/vec4 v00000175035f4550_0, 0, 32;
T_1.0 ;
    %load/vec4 v00000175035f4550_0;
    %cmpi/s 15, 0, 32;
    %jmp/0xz T_1.1, 5;
    %delay 10, 0;
    %vpi_func 2 32 "$random" 32 {0 0 0};
    %pushi/vec4 128, 0, 32;
    %mod/s;
    %pad/s 7;
    %store/vec4 v00000175035f4370_0, 0, 7;
    %vpi_func 2 33 "$random" 32 {0 0 0};
    %pushi/vec4 128, 0, 32;
    %mod/s;
    %pad/s 7;
    %store/vec4 v00000175035f4410_0, 0, 7;
    %load/vec4 v00000175035f4550_0;
    %addi 1, 0, 32;
    %store/vec4 v00000175035f4550_0, 0, 32;
    %jmp T_1.0;
T_1.1 ;
    %delay 10, 0;
    %vpi_call 2 37 "$finish" {0 0 0};
    %end;
    .thread T_1;
# The file index is used to find the file name in the following table.
:file_names 4;
    "N/A";
    "<interactive>";
    "add_7_bit_tb.v";
    "./add_7_bit.v";
