#! /c/Source/iverilog-install/bin/vvp
:ivl_version "12.0 (devel)" "(s20150603-1539-g2693dd32b)";
:ivl_delay_selection "TYPICAL";
:vpi_time_precision - 12;
:vpi_module "C:\iverilog\lib\ivl\system.vpi";
:vpi_module "C:\iverilog\lib\ivl\vhdl_sys.vpi";
:vpi_module "C:\iverilog\lib\ivl\vhdl_textio.vpi";
:vpi_module "C:\iverilog\lib\ivl\v2005_math.vpi";
:vpi_module "C:\iverilog\lib\ivl\va_math.vpi";
S_000001c8310d5880 .scope module, "alu_and_tb" "alu_and_tb" 2 4;
 .timescale -9 -12;
v000001c8310d5c40_0 .var "a", 6 0;
v000001c8311b9c40_0 .var "b", 6 0;
v000001c8311b9ce0_0 .net "result", 6 0, v000001c8310d5ba0_0;  1 drivers
S_000001c8310d5a10 .scope module, "uut" "ALU_AND" 2 9, 3 1 0, S_000001c8310d5880;
 .timescale 0 0;
    .port_info 0 /INPUT 7 "a";
    .port_info 1 /INPUT 7 "b";
    .port_info 2 /OUTPUT 7 "result";
v000001c8311b98b0_0 .net "a", 6 0, v000001c8310d5c40_0;  1 drivers
v000001c8311b6db0_0 .net "b", 6 0, v000001c8311b9c40_0;  1 drivers
v000001c8310d5ba0_0 .var "result", 6 0;
E_000001c8311bc380 .event anyedge, v000001c8311b98b0_0, v000001c8311b6db0_0;
    .scope S_000001c8310d5a10;
T_0 ;
    %wait E_000001c8311bc380;
    %load/vec4 v000001c8311b98b0_0;
    %load/vec4 v000001c8311b6db0_0;
    %and;
    %store/vec4 v000001c8310d5ba0_0, 0, 7;
    %jmp T_0;
    .thread T_0, $push;
    .scope S_000001c8310d5880;
T_1 ;
    %vpi_call 2 17 "$dumpfile", "alu_and_tb.vcd" {0 0 0};
    %vpi_call 2 18 "$dumpvars", 32'sb00000000000000000000000000000000, S_000001c8310d5880 {0 0 0};
    %pushi/vec4 0, 0, 7;
    %store/vec4 v000001c8310d5c40_0, 0, 7;
    %pushi/vec4 127, 0, 7;
    %store/vec4 v000001c8311b9c40_0, 0, 7;
    %delay 10000, 0;
    %pushi/vec4 127, 0, 7;
    %store/vec4 v000001c8310d5c40_0, 0, 7;
    %delay 10000, 0;
    %pushi/vec4 85, 0, 7;
    %store/vec4 v000001c8311b9c40_0, 0, 7;
    %delay 10000, 0;
    %pushi/vec4 87, 0, 7;
    %store/vec4 v000001c8310d5c40_0, 0, 7;
    %vpi_call 2 32 "$finish" {0 0 0};
    %end;
    .thread T_1;
    .scope S_000001c8310d5880;
T_2 ;
    %vpi_call 2 38 "$monitor", "a=%d b=%d result=%d ", v000001c8310d5c40_0, v000001c8311b9c40_0, v000001c8311b9ce0_0 {0 0 0};
    %end;
    .thread T_2;
# The file index is used to find the file name in the following table.
:file_names 4;
    "N/A";
    "<interactive>";
    "alu_and_tb.v";
    "./alu_and.v";
