#! /c/Source/iverilog-install/bin/vvp
:ivl_version "12.0 (devel)" "(s20150603-1539-g2693dd32b)";
:ivl_delay_selection "TYPICAL";
:vpi_time_precision + 0;
:vpi_module "C:\iverilog\lib\ivl\system.vpi";
:vpi_module "C:\iverilog\lib\ivl\vhdl_sys.vpi";
:vpi_module "C:\iverilog\lib\ivl\vhdl_textio.vpi";
:vpi_module "C:\iverilog\lib\ivl\v2005_math.vpi";
:vpi_module "C:\iverilog\lib\ivl\va_math.vpi";
S_000001c361405af0 .scope module, "ALU" "ALU" 2 3;
 .timescale 0 0;
    .port_info 0 /INPUT 7 "a";
    .port_info 1 /INPUT 7 "b";
    .port_info 2 /INPUT 1 "op";
    .port_info 3 /OUTPUT 7 "res";
    .port_info 4 /OUTPUT 1 "GZ";
    .port_info 5 /OUTPUT 1 "CF";
o000001c36140b368 .functor BUFZ 1, C4<z>; HiZ drive
L_000001c361453018 .functor BUFT 1, C4<1>, C4<0>, C4<0>, C4<0>;
L_000001c3613f4b20 .functor XNOR 1, o000001c36140b368, L_000001c361453018, C4<0>, C4<0>;
v000001c361452d70_0 .net "CF", 0 0, L_000001c361452a50;  1 drivers
v000001c361452cd0_0 .net "GZ", 0 0, L_000001c361452370;  1 drivers
v000001c361452730_0 .net/2u *"_ivl_0", 0 0, L_000001c361453018;  1 drivers
v000001c361452f50_0 .net *"_ivl_10", 0 0, L_000001c3614520f0;  1 drivers
L_000001c3614530f0 .functor BUFT 1, C4<1>, C4<0>, C4<0>, C4<0>;
v000001c361452e10_0 .net/2u *"_ivl_12", 0 0, L_000001c3614530f0;  1 drivers
L_000001c361453138 .functor BUFT 1, C4<0>, C4<0>, C4<0>, C4<0>;
v000001c3614525f0_0 .net/2u *"_ivl_14", 0 0, L_000001c361453138;  1 drivers
v000001c361452230_0 .net *"_ivl_2", 0 0, L_000001c3613f4b20;  1 drivers
L_000001c361453060 .functor BUFT 1, C4<0>, C4<0>, C4<0>, C4<0>;
v000001c3614529b0_0 .net/2u *"_ivl_4", 0 0, L_000001c361453060;  1 drivers
L_000001c3614530a8 .functor BUFT 1, C4<0000000>, C4<0>, C4<0>, C4<0>;
v000001c361452eb0_0 .net/2u *"_ivl_8", 6 0, L_000001c3614530a8;  1 drivers
o000001c36140af78 .functor BUFZ 7, C4<zzzzzzz>; HiZ drive
v000001c361452050_0 .net "a", 6 0, o000001c36140af78;  0 drivers
v000001c361452410_0 .net "add_res", 6 0, v000001c3613b6970_0;  1 drivers
v000001c3614524b0_0 .net "and_res", 6 0, v000001c361405eb0_0;  1 drivers
o000001c36140afa8 .functor BUFZ 7, C4<zzzzzzz>; HiZ drive
v000001c361452190_0 .net "b", 6 0, o000001c36140afa8;  0 drivers
v000001c361452c30_0 .net "carry", 0 0, v000001c3613b68d0_0;  1 drivers
v000001c3614527d0_0 .net "op", 0 0, o000001c36140b368;  0 drivers
v000001c3614522d0_0 .var "res", 6 0;
E_000001c3614095c0 .event anyedge, v000001c3614527d0_0, v000001c361405eb0_0, v000001c3613b6970_0;
L_000001c361452a50 .functor MUXZ 1, L_000001c361453060, v000001c3613b68d0_0, L_000001c3613f4b20, C4<>;
L_000001c3614520f0 .cmp/gt 7, v000001c3614522d0_0, L_000001c3614530a8;
L_000001c361452370 .functor MUXZ 1, L_000001c361453138, L_000001c3614530f0, L_000001c3614520f0, C4<>;
S_000001c361405c80 .scope module, "uut0" "ALU_AND" 2 16, 3 1 0, S_000001c361405af0;
 .timescale 0 0;
    .port_info 0 /INPUT 7 "a";
    .port_info 1 /INPUT 7 "b";
    .port_info 2 /OUTPUT 7 "result";
v000001c3613b6dd0_0 .net "a", 6 0, o000001c36140af78;  alias, 0 drivers
v000001c361405e10_0 .net "b", 6 0, o000001c36140afa8;  alias, 0 drivers
v000001c361405eb0_0 .var "result", 6 0;
E_000001c36140a040 .event anyedge, v000001c3613b6dd0_0, v000001c361405e10_0;
S_000001c3613b6600 .scope module, "uut1" "ADD_7_bit" 2 22, 4 1 0, S_000001c361405af0;
 .timescale 0 0;
    .port_info 0 /INPUT 7 "a";
    .port_info 1 /INPUT 7 "b";
    .port_info 2 /OUTPUT 7 "sum";
    .port_info 3 /OUTPUT 1 "carry";
v000001c3613b6790_0 .net "a", 6 0, o000001c36140af78;  alias, 0 drivers
v000001c3613b6830_0 .net "b", 6 0, o000001c36140afa8;  alias, 0 drivers
v000001c3613b68d0_0 .var "carry", 0 0;
v000001c3613b6970_0 .var "sum", 6 0;
    .scope S_000001c361405c80;
T_0 ;
    %wait E_000001c36140a040;
    %load/vec4 v000001c3613b6dd0_0;
    %load/vec4 v000001c361405e10_0;
    %and;
    %store/vec4 v000001c361405eb0_0, 0, 7;
    %jmp T_0;
    .thread T_0, $push;
    .scope S_000001c3613b6600;
T_1 ;
    %wait E_000001c36140a040;
    %load/vec4 v000001c3613b6790_0;
    %pad/u 8;
    %load/vec4 v000001c3613b6830_0;
    %pad/u 8;
    %add;
    %split/vec4 7;
    %store/vec4 v000001c3613b6970_0, 0, 7;
    %store/vec4 v000001c3613b68d0_0, 0, 1;
    %jmp T_1;
    .thread T_1, $push;
    .scope S_000001c361405af0;
T_2 ;
    %wait E_000001c3614095c0;
    %load/vec4 v000001c3614527d0_0;
    %dup/vec4;
    %pushi/vec4 0, 0, 1;
    %cmp/u;
    %jmp/1 T_2.0, 6;
    %load/vec4 v000001c361452410_0;
    %store/vec4 v000001c3614522d0_0, 0, 7;
    %jmp T_2.2;
T_2.0 ;
    %load/vec4 v000001c3614524b0_0;
    %store/vec4 v000001c3614522d0_0, 0, 7;
    %jmp T_2.2;
T_2.2 ;
    %pop/vec4 1;
    %jmp T_2;
    .thread T_2, $push;
# The file index is used to find the file name in the following table.
:file_names 5;
    "N/A";
    "<interactive>";
    "alu_7_bit.v";
    "./alu_and.v";
    "./add_7_bit.v";
